-- The C compiler identification is GNU 13.3.0
-- The CXX compiler identification is GNU 13.3.0
-- Detecting C compiler ABI info
-- Detecting C compiler ABI info - done
-- Check for working C compiler: /usr/bin/cc - skipped
-- Detecting C compile features
-- Detecting C compile features - done
-- Detecting CXX compiler ABI info
-- Detecting CXX compiler ABI info - done
-- Check for working CXX compiler: /usr/bin/c++ - skipped
-- Detecting CXX compile features
-- Detecting CXX compile features - done
-- Found ament_cmake: 2.5.4 (/opt/ros/jazzy/share/ament_cmake/cmake)
-- Found Python3: /home/kanat/myenv/bin/python3 (found version "3.12.3") found components: Interpreter 
-- Override CMake install command with custom implementation using symlinks instead of copying resources
-- Found rclcpp: 28.1.13 (/opt/ros/jazzy/share/rclcpp/cmake)
-- Found rosidl_generator_c: 4.6.6 (/opt/ros/jazzy/share/rosidl_generator_c/cmake)
-- Found rosidl_generator_cpp: 4.6.6 (/opt/ros/jazzy/share/rosidl_generator_cpp/cmake)
-- Using all available rosidl_typesupport_c: rosidl_typesupport_fastrtps_c;rosidl_typesupport_introspection_c
-- Using all available rosidl_typesupport_cpp: rosidl_typesupport_fastrtps_cpp;rosidl_typesupport_introspection_cpp
-- Found rmw_implementation_cmake: 7.3.2 (/opt/ros/jazzy/share/rmw_implementation_cmake/cmake)
-- Found rmw_fastrtps_cpp: 8.4.3 (/opt/ros/jazzy/share/rmw_fastrtps_cpp/cmake)
-- Found OpenSSL: /usr/lib/x86_64-linux-gnu/libcrypto.so (found version "3.0.13")  
-- Found FastRTPS: /opt/ros/jazzy/include (Required is at least version "2.13") 
-- Using RMW implementation 'rmw_fastrtps_cpp' as default
-- Found moveit_ros_planning_interface: 2.12.3 (/opt/ros/jazzy/share/moveit_ros_planning_interface/cmake)
-- Found Boost: /usr/lib/x86_64-linux-gnu/cmake/Boost-1.83.0/BoostConfig.cmake (found version "1.83.0") found components: date_time filesystem program_options system thread 
-- Found Boost: /usr/lib/x86_64-linux-gnu/cmake/Boost-1.83.0/BoostConfig.cmake (found version "1.83.0") found components: chrono date_time filesystem iostreams program_options regex serialization system thread 
-- Found parameter_traits: 0.5.0 (/opt/ros/jazzy/share/parameter_traits/cmake)
-- Found rclcpp_lifecycle: 28.1.13 (/opt/ros/jazzy/share/rclcpp_lifecycle/cmake)
-- Found Boost: /usr/lib/x86_64-linux-gnu/cmake/Boost-1.83.0/BoostConfig.cmake (found version "1.83.0") found components: filesystem 
-- Found Eigen3: TRUE (found version "3.4.0") 
-- Ensuring Eigen3 include directory is part of orocos-kdl CMake target
-- Found Boost: /usr/lib/x86_64-linux-gnu/cmake/Boost-1.83.0/BoostConfig.cmake (found version "1.83.0") found components: system filesystem date_time program_options thread chrono 
-- Found Boost: /usr/lib/x86_64-linux-gnu/cmake/Boost-1.83.0/BoostConfig.cmake (found version "1.83.0") found components: thread system filesystem regex date_time program_options 
-- Found Boost: /usr/lib/x86_64-linux-gnu/cmake/Boost-1.83.0/BoostConfig.cmake (found version "1.83.0") found components: system filesystem date_time program_options thread 
-- Found example_interfaces: 0.12.0 (/opt/ros/jazzy/share/example_interfaces/cmake)
-- Found my_interfaces: 0.0.0 (/home/kanat/ros2_udemy_beginner/install/my_interfaces/share/my_interfaces/cmake)
-- Configuring done (10.1s)
-- Generating done (0.1s)
-- Build files have been written to: /home/kanat/ur5_new_ws/build/moveit_commander_cpp
[ 50%] [32mBuilding CXX object CMakeFiles/moveit_planning_exe.dir/src/moveit_plan_publisher.cpp.o[0m
In file included from [01m[K/opt/ros/jazzy/include/rclcpp/rclcpp/copy_all_parameter_values.hpp:27[m[K,
                 from [01m[K/opt/ros/jazzy/include/rclcpp/rclcpp/rclcpp.hpp:171[m[K,
                 from [01m[K/home/kanat/ur5_new_ws/src/moveit_commander_cpp/src/moveit_plan_publisher.cpp:1[m[K:
[01m[K/home/kanat/ur5_new_ws/src/moveit_commander_cpp/src/moveit_plan_publisher.cpp:[m[K In member function â€˜[01m[Kvoid Commander::[01;32m[Kplan[m[K(const std::shared_ptr<moveit::planning_interface::MoveGroupInterface>&)[m[Kâ€™:
[01m[K/home/kanat/ur5_new_ws/src/moveit_commander_cpp/src/moveit_plan_publisher.cpp:64:35:[m[K [01;31m[Kerror: [m[Kâ€˜[01m[Kclass Commander[m[Kâ€™ has no member named â€˜[01m[Kget_logger[m[Kâ€™
   64 |                 RCLCPP_INFO(this->[01;31m[Kget_logger[m[K(), "The reference trajectory is valid...");
      |                                   [01;31m[K^~~~~~~~~~[m[K
[01m[K/home/kanat/ur5_new_ws/src/moveit_commander_cpp/src/moveit_plan_publisher.cpp:64:35:[m[K [01;31m[Kerror: [m[Kâ€˜[01m[Kclass Commander[m[Kâ€™ has no member named â€˜[01m[Kget_logger[m[Kâ€™
[01m[K/home/kanat/ur5_new_ws/src/moveit_commander_cpp/src/moveit_plan_publisher.cpp:64:17:[m[K [01;31m[Kerror: [m[Ktemplate argument 1 is invalid
   64 |                 [01;31m[KRCLCPP_INFO[m[K(this->get_logger(), "The reference trajectory is valid...");
      |                 [01;31m[K^~~~~~~~~~~[m[K
In file included from [01m[K/opt/ros/jazzy/include/rclcpp/rclcpp/logging.hpp:24[m[K:
[01m[K/home/kanat/ur5_new_ws/src/moveit_commander_cpp/src/moveit_plan_publisher.cpp:64:35:[m[K [01;31m[Kerror: [m[Kâ€˜[01m[Kclass Commander[m[Kâ€™ has no member named â€˜[01m[Kget_logger[m[Kâ€™
   64 |                 RCLCPP_INFO(this->[01;31m[Kget_logger[m[K(), "The reference trajectory is valid...");
      |                                   [01;31m[K^~~~~~~~~~[m[K
[01m[K/home/kanat/ur5_new_ws/src/moveit_commander_cpp/src/moveit_plan_publisher.cpp:64:35:[m[K [01;31m[Kerror: [m[Kâ€˜[01m[Kclass Commander[m[Kâ€™ has no member named â€˜[01m[Kget_logger[m[Kâ€™
   64 |                 RCLCPP_INFO(this->[01;31m[Kget_logger[m[K(), "The reference trajectory is valid...");
      |                                   [01;31m[K^~~~~~~~~~[m[K
gmake[2]: *** [CMakeFiles/moveit_planning_exe.dir/build.make:76: CMakeFiles/moveit_planning_exe.dir/src/moveit_plan_publisher.cpp.o] Error 1
gmake[1]: *** [CMakeFiles/Makefile2:137: CMakeFiles/moveit_planning_exe.dir/all] Error 2
gmake: *** [Makefile:146: all] Error 2
