[0.050s] Invoking command in '/home/kanat/ur5_new_ws/build/moveit_commander_cpp': CMAKE_PREFIX_PATH=${CMAKE_PREFIX_PATH}:/home/kanat/ur5_new_ws/install/ur5_control:/home/kanat/turtlebot3_ws/install/turtlebot3_control:/home/kanat/ros2_udemy_beginner/install/my_ros_services_py:/home/kanat/ros2_udemy_beginner/install/my_pkg_py:/opt/ros/jazzy DEBUGINFOD_URLS=https://debuginfod.ubuntu.com PS1=(myenv) \[\e]0;\u@\h: \w\a\]${debian_chroot:+($debian_chroot)}\[\033[01;32m\]\u@\h\[\033[00m\]:\[\033[01;34m\]\w\[\033[00m\]\$ VIRTUAL_ENV_PROMPT=(myenv) /usr/bin/cmake /home/kanat/ur5_new_ws/src/moveit_commander_cpp -DAMENT_CMAKE_SYMLINK_INSTALL=1 -DCMAKE_INSTALL_PREFIX=/home/kanat/ur5_new_ws/install/moveit_commander_cpp
[0.270s] -- The C compiler identification is GNU 13.3.0
[0.482s] -- The CXX compiler identification is GNU 13.3.0
[0.546s] -- Detecting C compiler ABI info
[0.881s] -- Detecting C compiler ABI info - done
[0.918s] -- Check for working C compiler: /usr/bin/cc - skipped
[0.919s] -- Detecting C compile features
[0.920s] -- Detecting C compile features - done
[0.954s] -- Detecting CXX compiler ABI info
[1.324s] -- Detecting CXX compiler ABI info - done
[1.366s] -- Check for working CXX compiler: /usr/bin/c++ - skipped
[1.367s] -- Detecting CXX compile features
[1.369s] -- Detecting CXX compile features - done
[1.393s] -- Found ament_cmake: 2.5.4 (/opt/ros/jazzy/share/ament_cmake/cmake)
[1.934s] -- Found Python3: /home/kanat/myenv/bin/python3 (found version "3.12.3") found components: Interpreter 
[2.277s] -- Override CMake install command with custom implementation using symlinks instead of copying resources
[2.558s] -- Found rclcpp: 28.1.13 (/opt/ros/jazzy/share/rclcpp/cmake)
[2.814s] -- Found rosidl_generator_c: 4.6.6 (/opt/ros/jazzy/share/rosidl_generator_c/cmake)
[2.899s] -- Found rosidl_generator_cpp: 4.6.6 (/opt/ros/jazzy/share/rosidl_generator_cpp/cmake)
[3.001s] -- Using all available rosidl_typesupport_c: rosidl_typesupport_fastrtps_c;rosidl_typesupport_introspection_c
[3.119s] -- Using all available rosidl_typesupport_cpp: rosidl_typesupport_fastrtps_cpp;rosidl_typesupport_introspection_cpp
[3.546s] -- Found rmw_implementation_cmake: 7.3.2 (/opt/ros/jazzy/share/rmw_implementation_cmake/cmake)
[3.570s] -- Found rmw_fastrtps_cpp: 8.4.3 (/opt/ros/jazzy/share/rmw_fastrtps_cpp/cmake)
[3.992s] -- Found OpenSSL: /usr/lib/x86_64-linux-gnu/libcrypto.so (found version "3.0.13")  
[4.090s] -- Found FastRTPS: /opt/ros/jazzy/include (Required is at least version "2.13") 
[4.196s] -- Using RMW implementation 'rmw_fastrtps_cpp' as default
[4.606s] -- Found moveit_ros_planning_interface: 2.12.3 (/opt/ros/jazzy/share/moveit_ros_planning_interface/cmake)
[5.127s] -- Found Boost: /usr/lib/x86_64-linux-gnu/cmake/Boost-1.83.0/BoostConfig.cmake (found version "1.83.0") found components: date_time filesystem program_options system thread 
[6.712s] -- Found Boost: /usr/lib/x86_64-linux-gnu/cmake/Boost-1.83.0/BoostConfig.cmake (found version "1.83.0") found components: chrono date_time filesystem iostreams program_options regex serialization system thread 
[7.152s] -- Found parameter_traits: 0.5.0 (/opt/ros/jazzy/share/parameter_traits/cmake)
[7.254s] -- Found rclcpp_lifecycle: 28.1.13 (/opt/ros/jazzy/share/rclcpp_lifecycle/cmake)
[7.472s] -- Found Boost: /usr/lib/x86_64-linux-gnu/cmake/Boost-1.83.0/BoostConfig.cmake (found version "1.83.0") found components: filesystem 
[7.870s] -- Found Eigen3: TRUE (found version "3.4.0") 
[7.871s] -- Ensuring Eigen3 include directory is part of orocos-kdl CMake target
[8.877s] -- Found Boost: /usr/lib/x86_64-linux-gnu/cmake/Boost-1.83.0/BoostConfig.cmake (found version "1.83.0") found components: system filesystem date_time program_options thread chrono 
[9.136s] -- Found Boost: /usr/lib/x86_64-linux-gnu/cmake/Boost-1.83.0/BoostConfig.cmake (found version "1.83.0") found components: thread system filesystem regex date_time program_options 
[9.295s] -- Found Boost: /usr/lib/x86_64-linux-gnu/cmake/Boost-1.83.0/BoostConfig.cmake (found version "1.83.0") found components: system filesystem date_time program_options thread 
[9.515s] -- Found example_interfaces: 0.12.0 (/opt/ros/jazzy/share/example_interfaces/cmake)
[9.623s] -- Found my_interfaces: 0.0.0 (/home/kanat/ros2_udemy_beginner/install/my_interfaces/share/my_interfaces/cmake)
[10.147s] -- Configuring done (10.1s)
[10.275s] -- Generating done (0.1s)
[10.303s] -- Build files have been written to: /home/kanat/ur5_new_ws/build/moveit_commander_cpp
[10.359s] Invoked command in '/home/kanat/ur5_new_ws/build/moveit_commander_cpp' returned '0': CMAKE_PREFIX_PATH=${CMAKE_PREFIX_PATH}:/home/kanat/ur5_new_ws/install/ur5_control:/home/kanat/turtlebot3_ws/install/turtlebot3_control:/home/kanat/ros2_udemy_beginner/install/my_ros_services_py:/home/kanat/ros2_udemy_beginner/install/my_pkg_py:/opt/ros/jazzy DEBUGINFOD_URLS=https://debuginfod.ubuntu.com PS1=(myenv) \[\e]0;\u@\h: \w\a\]${debian_chroot:+($debian_chroot)}\[\033[01;32m\]\u@\h\[\033[00m\]:\[\033[01;34m\]\w\[\033[00m\]\$ VIRTUAL_ENV_PROMPT=(myenv) /usr/bin/cmake /home/kanat/ur5_new_ws/src/moveit_commander_cpp -DAMENT_CMAKE_SYMLINK_INSTALL=1 -DCMAKE_INSTALL_PREFIX=/home/kanat/ur5_new_ws/install/moveit_commander_cpp
[10.365s] Invoking command in '/home/kanat/ur5_new_ws/build/moveit_commander_cpp': CMAKE_PREFIX_PATH=${CMAKE_PREFIX_PATH}:/home/kanat/ur5_new_ws/install/ur5_control:/home/kanat/turtlebot3_ws/install/turtlebot3_control:/home/kanat/ros2_udemy_beginner/install/my_ros_services_py:/home/kanat/ros2_udemy_beginner/install/my_pkg_py:/opt/ros/jazzy DEBUGINFOD_URLS=https://debuginfod.ubuntu.com PS1=(myenv) \[\e]0;\u@\h: \w\a\]${debian_chroot:+($debian_chroot)}\[\033[01;32m\]\u@\h\[\033[00m\]:\[\033[01;34m\]\w\[\033[00m\]\$ VIRTUAL_ENV_PROMPT=(myenv) /usr/bin/cmake --build /home/kanat/ur5_new_ws/build/moveit_commander_cpp -- -j20 -l20
[10.576s] [ 50%] [32mBuilding CXX object CMakeFiles/moveit_planning_exe.dir/src/moveit_plan_publisher.cpp.o[0m
[27.598s] In file included from [01m[K/opt/ros/jazzy/include/rclcpp/rclcpp/copy_all_parameter_values.hpp:27[m[K,
[27.598s]                  from [01m[K/opt/ros/jazzy/include/rclcpp/rclcpp/rclcpp.hpp:171[m[K,
[27.598s]                  from [01m[K/home/kanat/ur5_new_ws/src/moveit_commander_cpp/src/moveit_plan_publisher.cpp:1[m[K:
[27.599s] [01m[K/home/kanat/ur5_new_ws/src/moveit_commander_cpp/src/moveit_plan_publisher.cpp:[m[K In member function â€˜[01m[Kvoid Commander::[01;32m[Kplan[m[K(const std::shared_ptr<moveit::planning_interface::MoveGroupInterface>&)[m[Kâ€™:
[27.599s] [01m[K/home/kanat/ur5_new_ws/src/moveit_commander_cpp/src/moveit_plan_publisher.cpp:64:35:[m[K [01;31m[Kerror: [m[Kâ€˜[01m[Kclass Commander[m[Kâ€™ has no member named â€˜[01m[Kget_logger[m[Kâ€™
[27.599s]    64 |                 RCLCPP_INFO(this->[01;31m[Kget_logger[m[K(), "The reference trajectory is valid...");
[27.599s]       |                                   [01;31m[K^~~~~~~~~~[m[K
[27.600s] [01m[K/home/kanat/ur5_new_ws/src/moveit_commander_cpp/src/moveit_plan_publisher.cpp:64:35:[m[K [01;31m[Kerror: [m[Kâ€˜[01m[Kclass Commander[m[Kâ€™ has no member named â€˜[01m[Kget_logger[m[Kâ€™
[27.600s] [01m[K/home/kanat/ur5_new_ws/src/moveit_commander_cpp/src/moveit_plan_publisher.cpp:64:17:[m[K [01;31m[Kerror: [m[Ktemplate argument 1 is invalid
[27.600s]    64 |                 [01;31m[KRCLCPP_INFO[m[K(this->get_logger(), "The reference trajectory is valid...");
[27.600s]       |                 [01;31m[K^~~~~~~~~~~[m[K
[27.600s] In file included from [01m[K/opt/ros/jazzy/include/rclcpp/rclcpp/logging.hpp:24[m[K:
[27.600s] [01m[K/home/kanat/ur5_new_ws/src/moveit_commander_cpp/src/moveit_plan_publisher.cpp:64:35:[m[K [01;31m[Kerror: [m[Kâ€˜[01m[Kclass Commander[m[Kâ€™ has no member named â€˜[01m[Kget_logger[m[Kâ€™
[27.600s]    64 |                 RCLCPP_INFO(this->[01;31m[Kget_logger[m[K(), "The reference trajectory is valid...");
[27.601s]       |                                   [01;31m[K^~~~~~~~~~[m[K
[27.601s] [01m[K/home/kanat/ur5_new_ws/src/moveit_commander_cpp/src/moveit_plan_publisher.cpp:64:35:[m[K [01;31m[Kerror: [m[Kâ€˜[01m[Kclass Commander[m[Kâ€™ has no member named â€˜[01m[Kget_logger[m[Kâ€™
[27.601s]    64 |                 RCLCPP_INFO(this->[01;31m[Kget_logger[m[K(), "The reference trajectory is valid...");
[27.601s]       |                                   [01;31m[K^~~~~~~~~~[m[K
[36.716s] gmake[2]: *** [CMakeFiles/moveit_planning_exe.dir/build.make:76: CMakeFiles/moveit_planning_exe.dir/src/moveit_plan_publisher.cpp.o] Error 1
[36.717s] gmake[1]: *** [CMakeFiles/Makefile2:137: CMakeFiles/moveit_planning_exe.dir/all] Error 2
[36.718s] gmake: *** [Makefile:146: all] Error 2
[36.726s] Invoked command in '/home/kanat/ur5_new_ws/build/moveit_commander_cpp' returned '2': CMAKE_PREFIX_PATH=${CMAKE_PREFIX_PATH}:/home/kanat/ur5_new_ws/install/ur5_control:/home/kanat/turtlebot3_ws/install/turtlebot3_control:/home/kanat/ros2_udemy_beginner/install/my_ros_services_py:/home/kanat/ros2_udemy_beginner/install/my_pkg_py:/opt/ros/jazzy DEBUGINFOD_URLS=https://debuginfod.ubuntu.com PS1=(myenv) \[\e]0;\u@\h: \w\a\]${debian_chroot:+($debian_chroot)}\[\033[01;32m\]\u@\h\[\033[00m\]:\[\033[01;34m\]\w\[\033[00m\]\$ VIRTUAL_ENV_PROMPT=(myenv) /usr/bin/cmake --build /home/kanat/ur5_new_ws/build/moveit_commander_cpp -- -j20 -l20
